[2026-03-14T16:24:15.962Z] [debug] [vite] connecting...
[2026-03-14T16:24:15.970Z] [debug] [vite] connected.
[2026-03-14T16:24:16.235Z] [debug] [vite] connecting...
[2026-03-14T16:24:16.256Z] [debug] [vite] connected.
[2026-03-14T16:24:35.393Z] [error] Failed to load resource: the server responded with a status of 404 (Not Found)
[2026-03-14T16:24:35.394Z] [error] Failed to load resource: the server responded with a status of 404 (Not Found)
[2026-03-14T16:24:35.394Z] [error] Failed to load resource: the server responded with a status of 404 (Not Found)
[2026-03-14T16:24:35.394Z] [error] Failed to load resource: the server responded with a status of 404 (Not Found)
[2026-03-14T16:24:35.394Z] [error] Failed to load resource: the server responded with a status of 404 (Not Found)
[2026-03-14T16:24:35.394Z] [error] Failed to load resource: the server responded with a status of 404 (Not Found)
[2026-03-14T16:24:35.395Z] [debug] [vite] connecting...
[2026-03-14T16:24:35.411Z] [error] Failed to load resource: the server responded with a status of 404 (Not Found)
[2026-03-14T16:24:35.414Z] [error] Failed to load resource: the server responded with a status of 404 (Not Found)
[2026-03-14T16:24:35.414Z] [debug] [vite] connected.
[2026-03-14T16:24:35.431Z] [error] Failed to load resource: the server responded with a status of 404 (Not Found)
[2026-03-14T16:24:35.435Z] [error] Failed to load resource: the server responded with a status of 404 (Not Found)
[2026-03-14T16:24:35.439Z] [error] Failed to load resource: the server responded with a status of 404 (Not Found)
[2026-03-14T16:24:35.441Z] [error] Failed to load resource: the server responded with a status of 404 (Not Found)
[2026-03-14T16:24:35.443Z] [error] Failed to load resource: the server responded with a status of 404 (Not Found)
[2026-03-14T16:24:35.445Z] [error] Failed to load resource: the server responded with a status of 404 (Not Found)
[2026-03-14T16:24:35.448Z] [error] Failed to load resource: the server responded with a status of 404 (Not Found)
[2026-03-14T16:24:35.450Z] [error] Failed to load resource: the server responded with a status of 404 (Not Found)
[2026-03-14T16:24:35.453Z] [error] Failed to load resource: the server responded with a status of 404 (Not Found)
[2026-03-14T16:24:35.457Z] [error] Failed to load resource: the server responded with a status of 404 (Not Found)
[2026-03-14T16:24:35.458Z] [error] Failed to load resource: the server responded with a status of 404 (Not Found)
[2026-03-14T16:24:36.022Z] [error] Failed to load resource: the server responded with a status of 404 (Not Found)
[2026-03-14T16:24:36.025Z] [error] Failed to load resource: the server responded with a status of 404 (Not Found)
[2026-03-14T16:24:36.028Z] [error] Failed to load resource: the server responded with a status of 404 (Not Found)
[2026-03-14T16:24:36.030Z] [error] Failed to load resource: the server responded with a status of 404 (Not Found)
[2026-03-14T16:24:36.032Z] [error] Failed to load resource: the server responded with a status of 404 (Not Found)
[2026-03-14T16:24:36.035Z] [error] Failed to load resource: the server responded with a status of 404 (Not Found)
[2026-03-14T16:24:36.036Z] [error] Failed to load resource: the server responded with a status of 404 (Not Found)
[2026-03-14T16:24:36.039Z] [error] Failed to load resource: the server responded with a status of 404 (Not Found)
[2026-03-14T16:24:36.041Z] [error] Failed to load resource: the server responded with a status of 404 (Not Found)
[2026-03-14T16:24:36.044Z] [error] Failed to load resource: the server responded with a status of 404 (Not Found)
[2026-03-14T16:24:36.046Z] [error] Failed to load resource: the server responded with a status of 404 (Not Found)
[2026-03-14T16:24:50.294Z] [debug] [vite] connecting...
[2026-03-14T16:24:50.305Z] [error] Failed to load resource: the server responded with a status of 404 (Not Found)
[2026-03-14T16:24:50.322Z] [debug] [vite] connected.
[2026-03-14T16:24:50.330Z] [error] Failed to load resource: the server responded with a status of 404 (Not Found)
[2026-03-14T16:24:50.761Z] [error] Failed to load resource: the server responded with a status of 404 (Not Found)
[2026-03-14T16:25:06.968Z] [debug] [vite] connecting...
[2026-03-14T16:25:06.984Z] [debug] [vite] connected.
[2026-03-14T16:25:07.705Z] [info] %cDownload the React DevTools for a better development experience: https://react.dev/link/react-devtools font-weight:bold
[2026-03-14T16:25:07.740Z] [error] A tree hydrated but some attributes of the server rendered HTML didn't match the client properties. This won't be patched up. This can happen if a SSR-ed Client Component used:

- A server/client branch `if (typeof window !== 'undefined')`.
- Variable input such as `Date.now()` or `Math.random()` which changes each time it's called.
- Date formatting in a user's locale which doesn't match the server.
- External changing data without sending a snapshot of it along with the HTML.
- Invalid HTML tag nesting.

It can also happen if the client has a browser extension installed which messes with the HTML before React loaded.

%s%s https://react.dev/link/hydration-mismatch 

  <SubmitForm>
    <form onSubmit={function handleSubmit} className="space-y-6">
      <div>
        <label>
        <input
          id="orgName"
          type="text"
          value=""
          onChange={function onChange}
          placeholder="e.g. American Red Cross"
          className="w-full px-4 py-3 border border-museum-border rounded-sm text-sm bg-white text-museum-text placeho..."
-         style={{}}
        >
      <div>
        <label>
        <input
          id="year"
          type="number"
          value=""
          onChange={function onChange}
          placeholder="e.g. 1998"
          className="w-full px-4 py-3 border border-museum-border rounded-sm text-sm bg-white text-museum-text placeho..."
-         style={{}}
        >
      <div>
        <label>
        <input
          id="imageUrl"
          type="url"
          value=""
          onChange={function onChange}
          placeholder="https://..."
          className="w-full px-4 py-3 border border-museum-border rounded-sm text-sm bg-white text-museum-text placeho..."
-         style={{}}
        >
        ...
      <div>
        <label>
        <textarea
          id="notable"
          value=""
          onChange={function onChange}
          placeholder="Why is this artifact worth preserving?"
          rows={3}
          className="w-full px-4 py-3 border border-museum-border rounded-sm text-sm bg-white text-museum-text placeho..."
+         style={{resize:"vertical"}}
-         style={{resize:"vertical"}}
        >
      <div className="grid grid-...">
        <div>
          <label>
          <input
            id="submitterName"
            type="text"
            value=""
            onChange={function onChange}
            className="w-full px-4 py-3 border border-museum-border rounded-sm text-sm bg-white text-museum-text place..."
-           style={{}}
          >
        <div>
          <label>
          <input
            id="submitterEmail"
            type="email"
            value=""
            onChange={function onChange}
            className="w-full px-4 py-3 border border-museum-border rounded-sm text-sm bg-white text-museum-text place..."
-           style={{}}
          >
      ...

[2026-03-14T16:25:19.118Z] [debug] [vite] connecting...
[2026-03-14T16:25:19.134Z] [debug] [vite] connected.
[2026-03-14T16:25:29.343Z] [debug] [vite] connecting...
[2026-03-14T16:25:29.353Z] [error] Failed to load resource: the server responded with a status of 404 (Not Found)
[2026-03-14T16:25:29.353Z] [error] Failed to load resource: the server responded with a status of 404 (Not Found)
[2026-03-14T16:25:29.353Z] [error] Failed to load resource: the server responded with a status of 404 (Not Found)
[2026-03-14T16:25:29.353Z] [error] Failed to load resource: the server responded with a status of 404 (Not Found)
[2026-03-14T16:25:29.354Z] [error] Failed to load resource: the server responded with a status of 404 (Not Found)
[2026-03-14T16:25:29.355Z] [error] Failed to load resource: the server responded with a status of 404 (Not Found)
[2026-03-14T16:25:29.356Z] [debug] [vite] connected.
[2026-03-14T16:25:29.366Z] [error] Failed to load resource: the server responded with a status of 404 (Not Found)
[2026-03-14T16:25:29.370Z] [error] Failed to load resource: the server responded with a status of 404 (Not Found)
[2026-03-14T16:25:29.370Z] [error] Failed to load resource: the server responded with a status of 404 (Not Found)
[2026-03-14T16:25:29.373Z] [error] Failed to load resource: the server responded with a status of 404 (Not Found)
[2026-03-14T16:25:29.375Z] [error] Failed to load resource: the server responded with a status of 404 (Not Found)
[2026-03-14T16:25:29.377Z] [error] Failed to load resource: the server responded with a status of 404 (Not Found)
[2026-03-14T16:26:26.809Z] [error] Failed to load resource: the server responded with a status of 404 (Not Found)
[2026-03-14T16:26:26.811Z] [error] Failed to load resource: the server responded with a status of 404 (Not Found)
[2026-03-14T16:26:26.812Z] [error] Failed to load resource: the server responded with a status of 404 (Not Found)
[2026-03-14T16:26:26.815Z] [error] Failed to load resource: the server responded with a status of 404 (Not Found)
[2026-03-14T16:26:26.820Z] [error] Failed to load resource: the server responded with a status of 404 (Not Found)
[2026-03-14T16:26:26.826Z] [error] Failed to load resource: the server responded with a status of 404 (Not Found)
[2026-03-14T16:26:26.827Z] [debug] [vite] connecting...
[2026-03-14T16:26:26.833Z] [debug] [vite] connected.
[2026-03-14T16:26:26.849Z] [error] Failed to load resource: the server responded with a status of 404 (Not Found)
[2026-03-14T16:26:26.852Z] [error] Failed to load resource: the server responded with a status of 404 (Not Found)
[2026-03-14T16:26:26.854Z] [error] Failed to load resource: the server responded with a status of 404 (Not Found)
[2026-03-14T16:26:26.859Z] [error] Failed to load resource: the server responded with a status of 404 (Not Found)
[2026-03-14T16:26:26.860Z] [error] Failed to load resource: the server responded with a status of 404 (Not Found)
[2026-03-14T16:26:26.862Z] [error] Failed to load resource: the server responded with a status of 404 (Not Found)
[2026-03-14T16:26:32.846Z] [debug] [vite] connecting...
[2026-03-14T16:26:32.851Z] [error] Failed to load resource: the server responded with a status of 404 (Not Found)
[2026-03-14T16:26:32.852Z] [error] Failed to load resource: the server responded with a status of 404 (Not Found)
[2026-03-14T16:26:32.853Z] [error] Failed to load resource: the server responded with a status of 404 (Not Found)
[2026-03-14T16:26:32.862Z] [error] Failed to load resource: the server responded with a status of 404 (Not Found)
[2026-03-14T16:26:32.865Z] [error] Failed to load resource: the server responded with a status of 404 (Not Found)
[2026-03-14T16:26:32.866Z] [error] Failed to load resource: the server responded with a status of 404 (Not Found)
[2026-03-14T16:26:32.867Z] [debug] [vite] connected.
[2026-03-14T16:26:32.931Z] [error] Failed to load resource: the server responded with a status of 404 (Not Found)
[2026-03-14T16:26:32.935Z] [error] Failed to load resource: the server responded with a status of 404 (Not Found)
[2026-03-14T16:26:32.936Z] [error] Failed to load resource: the server responded with a status of 404 (Not Found)
[2026-03-14T16:26:32.937Z] [error] Failed to load resource: the server responded with a status of 404 (Not Found)
[2026-03-14T16:26:32.940Z] [error] Failed to load resource: the server responded with a status of 404 (Not Found)
[2026-03-14T16:26:32.942Z] [error] Failed to load resource: the server responded with a status of 404 (Not Found)
[2026-03-14T16:26:39.382Z] [debug] [vite] connecting...
[2026-03-14T16:26:39.383Z] [error] Failed to load resource: the server responded with a status of 404 (Not Found)
[2026-03-14T16:26:39.385Z] [error] Failed to load resource: the server responded with a status of 404 (Not Found)
[2026-03-14T16:26:39.385Z] [error] Failed to load resource: the server responded with a status of 404 (Not Found)
[2026-03-14T16:26:39.385Z] [error] Failed to load resource: the server responded with a status of 404 (Not Found)
[2026-03-14T16:26:39.418Z] [error] Failed to load resource: the server responded with a status of 404 (Not Found)
[2026-03-14T16:26:39.420Z] [error] Failed to load resource: the server responded with a status of 404 (Not Found)
[2026-03-14T16:26:39.437Z] [debug] [vite] connected.
[2026-03-14T16:26:39.440Z] [info] %cDownload the React DevTools for a better development experience: https://react.dev/link/react-devtools font-weight:bold
[2026-03-14T16:26:39.520Z] [error] Failed to load resource: the server responded with a status of 404 (Not Found)
[2026-03-14T16:26:39.535Z] [error] Failed to load resource: the server responded with a status of 404 (Not Found)
[2026-03-14T16:26:39.538Z] [error] Failed to load resource: the server responded with a status of 404 (Not Found)
[2026-03-14T16:26:39.541Z] [error] Failed to load resource: the server responded with a status of 404 (Not Found)
[2026-03-14T16:26:39.543Z] [error] Failed to load resource: the server responded with a status of 404 (Not Found)
[2026-03-14T16:26:39.545Z] [error] Failed to load resource: the server responded with a status of 404 (Not Found)
[2026-03-14T16:26:54.634Z] [debug] [vite] connecting...
[2026-03-14T16:26:54.651Z] [error] Failed to load resource: the server responded with a status of 404 (Not Found)
[2026-03-14T16:26:54.651Z] [error] Failed to load resource: the server responded with a status of 404 (Not Found)
[2026-03-14T16:26:54.652Z] [error] Failed to load resource: the server responded with a status of 404 (Not Found)
[2026-03-14T16:26:54.657Z] [error] Failed to load resource: the server responded with a status of 404 (Not Found)
[2026-03-14T16:26:54.658Z] [error] Failed to load resource: the server responded with a status of 404 (Not Found)
[2026-03-14T16:26:54.658Z] [error] Failed to load resource: the server responded with a status of 404 (Not Found)
[2026-03-14T16:26:54.662Z] [debug] [vite] connected.
[2026-03-14T16:26:54.668Z] [info] %cDownload the React DevTools for a better development experience: https://react.dev/link/react-devtools font-weight:bold
[2026-03-14T16:26:54.737Z] [error] Failed to load resource: the server responded with a status of 404 (Not Found)
[2026-03-14T16:26:54.740Z] [error] Failed to load resource: the server responded with a status of 404 (Not Found)
[2026-03-14T16:26:54.742Z] [error] Failed to load resource: the server responded with a status of 404 (Not Found)
[2026-03-14T16:26:54.748Z] [error] Failed to load resource: the server responded with a status of 404 (Not Found)
[2026-03-14T16:26:54.750Z] [error] Failed to load resource: the server responded with a status of 404 (Not Found)
[2026-03-14T16:26:54.757Z] [error] Failed to load resource: the server responded with a status of 404 (Not Found)
[2026-03-14T16:26:54.896Z] [debug] [vite] connecting...
[2026-03-14T16:26:54.929Z] [debug] [vite] connected.
[2026-03-14T16:26:54.929Z] [info] %cDownload the React DevTools for a better development experience: https://react.dev/link/react-devtools font-weight:bold
[2026-03-14T16:26:55.080Z] [debug] [vite] connecting...
[2026-03-14T16:26:55.117Z] [info] %cDownload the React DevTools for a better development experience: https://react.dev/link/react-devtools font-weight:bold
[2026-03-14T16:26:55.119Z] [debug] [vite] connected.
[2026-03-14T16:26:57.494Z] [debug] [vite] connecting...
[2026-03-14T16:26:57.502Z] [debug] [vite] connected.
[2026-03-14T16:26:57.507Z] [info] %cDownload the React DevTools for a better development experience: https://react.dev/link/react-devtools font-weight:bold
[2026-03-14T16:27:18.110Z] [debug] [vite] connecting...
[2026-03-14T16:27:18.126Z] [debug] [vite] connected.
[2026-03-14T16:27:18.133Z] [info] %cDownload the React DevTools for a better development experience: https://react.dev/link/react-devtools font-weight:bold
[2026-03-14T16:27:27.820Z] [debug] [vite] connecting...
[2026-03-14T16:27:27.827Z] [debug] [vite] connected.
[2026-03-14T16:27:27.835Z] [info] %cDownload the React DevTools for a better development experience: https://react.dev/link/react-devtools font-weight:bold
[2026-03-14T16:27:39.105Z] [debug] [vite] connecting...
[2026-03-14T16:27:39.116Z] [debug] [vite] connected.
[2026-03-14T16:27:39.123Z] [info] %cDownload the React DevTools for a better development experience: https://react.dev/link/react-devtools font-weight:bold
[2026-03-14T16:27:51.849Z] [debug] [vite] connecting...
[2026-03-14T16:27:51.855Z] [debug] [vite] connected.
[2026-03-14T16:27:51.864Z] [info] %cDownload the React DevTools for a better development experience: https://react.dev/link/react-devtools font-weight:bold
[2026-03-14T16:28:04.647Z] [debug] [vite] connecting...
[2026-03-14T16:28:04.663Z] [debug] [vite] connected.
[2026-03-14T16:28:04.666Z] [info] %cDownload the React DevTools for a better development experience: https://react.dev/link/react-devtools font-weight:bold
